2016-12-12T15:34:38.847077+00:00 app[web.1]: 	at org.apache.catalina.core.ApplicationFilterChain.doFilter(ApplicationFilterChain.java:165)
2016-12-12T15:34:38.847096+00:00 app[web.1]: 	at org.apache.tomcat.websocket.server.WsFilter.doFilter(WsFilter.java:52)
2016-12-12T15:34:38.847127+00:00 app[web.1]: 	at org.apache.catalina.core.ApplicationFilterChain.internalDoFilter(ApplicationFilterChain.java:192)
2016-12-12T15:34:38.847128+00:00 app[web.1]: 	at org.apache.catalina.core.ApplicationFilterChain.doFilter(ApplicationFilterChain.java:165)
2016-12-12T15:34:38.847145+00:00 app[web.1]: 	at org.springframework.web.filter.RequestContextFilter.doFilterInternal(RequestContextFilter.java:99)
2016-12-12T15:34:38.847165+00:00 app[web.1]: 	at org.springframework.web.filter.OncePerRequestFilter.doFilter(OncePerRequestFilter.java:107)
2016-12-12T15:34:38.847184+00:00 app[web.1]: 	at org.apache.catalina.core.ApplicationFilterChain.internalDoFilter(ApplicationFilterChain.java:192)
2016-12-12T15:34:38.847202+00:00 app[web.1]: 	at org.apache.catalina.core.ApplicationFilterChain.doFilter(ApplicationFilterChain.java:165)
2016-12-12T15:34:38.847221+00:00 app[web.1]: 	at org.springframework.web.filter.HttpPutFormContentFilter.doFilterInternal(HttpPutFormContentFilter.java:89)
2016-12-12T15:34:38.847240+00:00 app[web.1]: 	at org.springframework.web.filter.OncePerRequestFilter.doFilter(OncePerRequestFilter.java:107)
2016-12-12T15:34:38.847261+00:00 app[web.1]: 	at org.apache.catalina.core.ApplicationFilterChain.internalDoFilter(ApplicationFilterChain.java:192)
2016-12-12T15:34:38.847280+00:00 app[web.1]: 	at org.apache.catalina.core.ApplicationFilterChain.doFilter(ApplicationFilterChain.java:165)
2016-12-12T15:34:38.847305+00:00 app[web.1]: 	at org.springframework.web.filter.HiddenHttpMethodFilter.doFilterInternal(HiddenHttpMethodFilter.java:77)
2016-12-12T15:34:38.847309+00:00 app[web.1]: 	at org.springframework.web.filter.OncePerRequestFilter.doFilter(OncePerRequestFilter.java:107)
2016-12-12T15:34:38.847328+00:00 app[web.1]: 	at org.apache.catalina.core.ApplicationFilterChain.internalDoFilter(ApplicationFilterChain.java:192)
2016-12-12T15:34:38.847349+00:00 app[web.1]: 	at org.apache.catalina.core.ApplicationFilterChain.doFilter(ApplicationFilterChain.java:165)
2016-12-12T15:34:38.847369+00:00 app[web.1]: 	at org.springframework.web.filter.CharacterEncodingFilter.doFilterInternal(CharacterEncodingFilter.java:197)
2016-12-12T15:34:38.847408+00:00 app[web.1]: 	at org.apache.catalina.core.ApplicationFilterChain.internalDoFilter(ApplicationFilterChain.java:192)
2016-12-12T15:34:38.847389+00:00 app[web.1]: 	at org.springframework.web.filter.OncePerRequestFilter.doFilter(OncePerRequestFilter.java:107)
2016-12-12T15:34:38.847427+00:00 app[web.1]: 	at org.apache.catalina.core.ApplicationFilterChain.doFilter(ApplicationFilterChain.java:165)
2016-12-12T15:34:38.847448+00:00 app[web.1]: 	at org.apache.catalina.core.StandardWrapperValve.invoke(StandardWrapperValve.java:198)
2016-12-12T15:34:38.847477+00:00 app[web.1]: 	at org.apache.catalina.core.StandardContextValve.invoke(StandardContextValve.java:108)
2016-12-12T15:34:38.847499+00:00 app[web.1]: 	at org.apache.catalina.core.StandardHostValve.invoke(StandardHostValve.java:140)
2016-12-12T15:34:38.847518+00:00 app[web.1]: 	at org.apache.catalina.valves.ErrorReportValve.invoke(ErrorReportValve.java:79)
2016-12-12T15:34:38.847480+00:00 app[web.1]: 	at org.apache.catalina.authenticator.AuthenticatorBase.invoke(AuthenticatorBase.java:472)
2016-12-12T15:34:38.847538+00:00 app[web.1]: 	at org.apache.catalina.core.StandardEngineValve.invoke(StandardEngineValve.java:87)
2016-12-12T15:34:38.847558+00:00 app[web.1]: 	at org.apache.catalina.valves.RemoteIpValve.invoke(RemoteIpValve.java:677)
2016-12-12T15:34:38.847576+00:00 app[web.1]: 	at org.apache.catalina.connector.CoyoteAdapter.service(CoyoteAdapter.java:349)
2016-12-12T15:34:38.847595+00:00 app[web.1]: 	at org.apache.coyote.http11.Http11Processor.service(Http11Processor.java:784)
2016-12-12T15:34:38.847616+00:00 app[web.1]: 	at org.apache.coyote.AbstractProcessorLight.process(AbstractProcessorLight.java:66)
2016-12-12T15:34:38.847635+00:00 app[web.1]: 	at org.apache.coyote.AbstractProtocol$ConnectionHandler.process(AbstractProtocol.java:802)
2016-12-12T15:34:38.847660+00:00 app[web.1]: 	at org.apache.tomcat.util.net.NioEndpoint$SocketProcessor.doRun(NioEndpoint.java:1410)
2016-12-12T15:34:38.847663+00:00 app[web.1]: 	at org.apache.tomcat.util.net.SocketProcessorBase.run(SocketProcessorBase.java:49)
2016-12-12T15:34:38.847680+00:00 app[web.1]: 	at java.util.concurrent.ThreadPoolExecutor.runWorker(ThreadPoolExecutor.java:1142)
2016-12-12T15:34:38.847696+00:00 app[web.1]: 	at java.util.concurrent.ThreadPoolExecutor$Worker.run(ThreadPoolExecutor.java:617)
2016-12-12T15:34:38.847713+00:00 app[web.1]: 	at org.apache.tomcat.util.threads.TaskThread$WrappingRunnable.run(TaskThread.java:61)
2016-12-12T15:34:38.847735+00:00 app[web.1]: 	at java.lang.Thread.run(Thread.java:745)
2016-12-12T15:34:38.847851+00:00 app[web.1]: com.polovtseva.notepad.service.exception.ServiceException: java.security.KeyStoreException: Uninitialized keystore
2016-12-12T15:34:38.847985+00:00 app[web.1]: 	at com.polovtseva.notepad.service.impl.FileServiceImpl.save(FileServiceImpl.java:71)
2016-12-12T15:34:38.847991+00:00 app[web.1]: 	at com.polovtseva.notepad.controller.FileController.saveFile(FileController.java:91)
2016-12-12T15:34:38.848011+00:00 app[web.1]: 	at sun.reflect.NativeMethodAccessorImpl.invoke0(Native Method)
2016-12-12T15:34:38.848029+00:00 app[web.1]: 	at sun.reflect.NativeMethodAccessorImpl.invoke(NativeMethodAccessorImpl.java:62)
2016-12-12T15:34:38.848073+00:00 app[web.1]: 	at sun.reflect.DelegatingMethodAccessorImpl.invoke(DelegatingMethodAccessorImpl.java:43)
2016-12-12T15:34:38.848094+00:00 app[web.1]: 	at java.lang.reflect.Method.invoke(Method.java:498)
2016-12-12T15:34:38.848111+00:00 app[web.1]: 	at org.springframework.web.method.support.InvocableHandlerMethod.doInvoke(InvocableHandlerMethod.java:221)
2016-12-12T15:34:38.848146+00:00 app[web.1]: 	at org.springframework.web.method.support.InvocableHandlerMethod.invokeForRequest(InvocableHandlerMethod.java:136)
2016-12-12T15:34:38.848161+00:00 app[web.1]: 	at org.springframework.web.servlet.mvc.method.annotation.ServletInvocableHandlerMethod.invokeAndHandle(ServletInvocableHandlerMethod.java:114)
2016-12-12T15:34:38.848164+00:00 app[web.1]: 	at org.springframework.web.servlet.mvc.method.annotation.RequestMappingHandlerAdapter.invokeHandlerMethod(RequestMappingHandlerAdapter.java:827)
2016-12-12T15:34:38.848182+00:00 app[web.1]: 	at org.springframework.web.servlet.mvc.method.annotation.RequestMappingHandlerAdapter.handleInternal(RequestMappingHandlerAdapter.java:738)
2016-12-12T15:34:38.848205+00:00 app[web.1]: 	at org.springframework.web.servlet.mvc.method.AbstractHandlerMethodAdapter.handle(AbstractHandlerMethodAdapter.java:85)
2016-12-12T15:34:38.848223+00:00 app[web.1]: 	at org.springframework.web.servlet.DispatcherServlet.doDispatch(DispatcherServlet.java:963)
2016-12-12T15:34:38.904940+00:00 app[web.1]: 	at org.springframework.web.servlet.DispatcherServlet.doService(DispatcherServlet.java:897)
2016-12-12T15:34:38.904943+00:00 app[web.1]: 	at org.springframework.web.servlet.FrameworkServlet.processRequest(FrameworkServlet.java:970)
2016-12-12T15:34:38.904944+00:00 app[web.1]: 	at org.springframework.web.servlet.FrameworkServlet.doPost(FrameworkServlet.java:872)
2016-12-12T15:34:38.904945+00:00 app[web.1]: 	at javax.servlet.http.HttpServlet.service(HttpServlet.java:648)
2016-12-12T15:34:38.904945+00:00 app[web.1]: 	at org.springframework.web.servlet.FrameworkServlet.service(FrameworkServlet.java:846)
2016-12-12T15:34:38.904946+00:00 app[web.1]: 	at javax.servlet.http.HttpServlet.service(HttpServlet.java:729)
2016-12-12T15:34:38.904947+00:00 app[web.1]: 	at org.apache.catalina.core.ApplicationFilterChain.internalDoFilter(ApplicationFilterChain.java:230)
2016-12-12T15:34:38.904948+00:00 app[web.1]: 	at org.apache.catalina.core.ApplicationFilterChain.doFilter(ApplicationFilterChain.java:165)
2016-12-12T15:34:38.904948+00:00 app[web.1]: 	at org.apache.tomcat.websocket.server.WsFilter.doFilter(WsFilter.java:52)
2016-12-12T15:34:38.904949+00:00 app[web.1]: 	at org.apache.catalina.core.ApplicationFilterChain.internalDoFilter(ApplicationFilterChain.java:192)
2016-12-12T15:34:38.904950+00:00 app[web.1]: 	at org.apache.catalina.core.ApplicationFilterChain.doFilter(ApplicationFilterChain.java:165)
2016-12-12T15:34:38.904950+00:00 app[web.1]: 	at org.springframework.web.filter.RequestContextFilter.doFilterInternal(RequestContextFilter.java:99)
2016-12-12T15:34:38.904951+00:00 app[web.1]: 	at org.springframework.web.filter.OncePerRequestFilter.doFilter(OncePerRequestFilter.java:107)
2016-12-12T15:34:38.904952+00:00 app[web.1]: 	at org.apache.catalina.core.ApplicationFilterChain.internalDoFilter(ApplicationFilterChain.java:192)
2016-12-12T15:34:38.904953+00:00 app[web.1]: 	at org.apache.catalina.core.ApplicationFilterChain.doFilter(ApplicationFilterChain.java:165)
2016-12-12T15:34:38.904953+00:00 app[web.1]: 	at org.springframework.web.filter.HttpPutFormContentFilter.doFilterInternal(HttpPutFormContentFilter.java:89)
2016-12-12T15:34:38.904954+00:00 app[web.1]: 	at org.springframework.web.filter.OncePerRequestFilter.doFilter(OncePerRequestFilter.java:107)
2016-12-12T15:34:38.904955+00:00 app[web.1]: 	at org.apache.catalina.core.ApplicationFilterChain.internalDoFilter(ApplicationFilterChain.java:192)
2016-12-12T15:34:38.904956+00:00 app[web.1]: 	at org.apache.catalina.core.ApplicationFilterChain.doFilter(ApplicationFilterChain.java:165)
2016-12-12T15:34:38.904956+00:00 app[web.1]: 	at org.springframework.web.filter.HiddenHttpMethodFilter.doFilterInternal(HiddenHttpMethodFilter.java:77)
2016-12-12T15:34:38.904957+00:00 app[web.1]: 	at org.springframework.web.filter.OncePerRequestFilter.doFilter(OncePerRequestFilter.java:107)
2016-12-12T15:34:38.904958+00:00 app[web.1]: 	at org.apache.catalina.core.ApplicationFilterChain.internalDoFilter(ApplicationFilterChain.java:192)
2016-12-12T15:34:38.904962+00:00 app[web.1]: 	at org.apache.catalina.core.ApplicationFilterChain.doFilter(ApplicationFilterChain.java:165)
2016-12-12T15:34:38.904963+00:00 app[web.1]: 	at org.springframework.web.filter.CharacterEncodingFilter.doFilterInternal(CharacterEncodingFilter.java:197)
2016-12-12T15:34:38.904963+00:00 app[web.1]: 	at org.springframework.web.filter.OncePerRequestFilter.doFilter(OncePerRequestFilter.java:107)
2016-12-12T15:34:38.904964+00:00 app[web.1]: 	at org.apache.catalina.core.ApplicationFilterChain.internalDoFilter(ApplicationFilterChain.java:192)
2016-12-12T15:34:38.904966+00:00 app[web.1]: 	at org.apache.catalina.core.ApplicationFilterChain.doFilter(ApplicationFilterChain.java:165)
2016-12-12T15:34:38.904989+00:00 app[web.1]: 	at org.apache.catalina.core.StandardWrapperValve.invoke(StandardWrapperValve.java:198)
2016-12-12T15:34:38.905011+00:00 app[web.1]: 	at org.apache.catalina.core.StandardContextValve.invoke(StandardContextValve.java:108)
2016-12-12T15:34:38.905015+00:00 app[web.1]: 	at org.apache.catalina.authenticator.AuthenticatorBase.invoke(AuthenticatorBase.java:472)
2016-12-12T15:34:38.905039+00:00 app[web.1]: 	at org.apache.catalina.core.StandardHostValve.invoke(StandardHostValve.java:140)
2016-12-12T15:34:38.905057+00:00 app[web.1]: 	at org.apache.catalina.valves.ErrorReportValve.invoke(ErrorReportValve.java:79)
2016-12-12T15:34:38.905061+00:00 app[web.1]: 	at org.apache.catalina.core.StandardEngineValve.invoke(StandardEngineValve.java:87)
2016-12-12T15:34:38.905083+00:00 app[web.1]: 	at org.apache.catalina.valves.RemoteIpValve.invoke(RemoteIpValve.java:677)
2016-12-12T15:34:38.905108+00:00 app[web.1]: 	at org.apache.coyote.http11.Http11Processor.service(Http11Processor.java:784)
2016-12-12T15:34:38.905086+00:00 app[web.1]: 	at org.apache.catalina.connector.CoyoteAdapter.service(CoyoteAdapter.java:349)
2016-12-12T15:34:38.905111+00:00 app[web.1]: 	at org.apache.coyote.AbstractProcessorLight.process(AbstractProcessorLight.java:66)
2016-12-12T15:34:38.905129+00:00 app[web.1]: 	at org.apache.coyote.AbstractProtocol$ConnectionHandler.process(AbstractProtocol.java:802)
2016-12-12T15:34:38.905160+00:00 app[web.1]: 	at org.apache.tomcat.util.net.NioEndpoint$SocketProcessor.doRun(NioEndpoint.java:1410)
2016-12-12T15:34:38.905164+00:00 app[web.1]: 	at org.apache.tomcat.util.net.SocketProcessorBase.run(SocketProcessorBase.java:49)
2016-12-12T15:34:38.905165+00:00 app[web.1]: 	at java.util.concurrent.ThreadPoolExecutor.runWorker(ThreadPoolExecutor.java:1142)
2016-12-12T15:34:38.905187+00:00 app[web.1]: 	at java.util.concurrent.ThreadPoolExecutor$Worker.run(ThreadPoolExecutor.java:617)
2016-12-12T15:34:38.905191+00:00 app[web.1]: 	at org.apache.tomcat.util.threads.TaskThread$WrappingRunnable.run(TaskThread.java:61)
2016-12-12T15:34:38.905214+00:00 app[web.1]: 	at java.lang.Thread.run(Thread.java:745)
2016-12-12T15:34:38.905570+00:00 app[web.1]: Caused by: java.security.KeyStoreException: Uninitialized keystore
2016-12-12T15:34:38.905589+00:00 app[web.1]: 	at java.security.KeyStore.getCertificate(KeyStore.java:1079)
2016-12-12T15:34:38.905610+00:00 app[web.1]: 	at com.polovtseva.notepad.encryption.KeyStoreUtil.writeEntry(KeyStoreUtil.java:22)
2016-12-12T15:34:38.905631+00:00 app[web.1]: 	at com.polovtseva.notepad.service.impl.FileServiceImpl.save(FileServiceImpl.java:68)
2016-12-12T15:34:38.905653+00:00 app[web.1]: 	... 56 more
2016-12-12T15:34:44.175076+00:00 heroku[router]: at=info method=POST path="//files" host=cryptic-wave-77586.herokuapp.com request_id=5562687b-88de-4ab1-9814-cc96d57bf197 fwd="86.57.255.92" dyno=web.1 connect=1ms service=56ms status=200 bytes=260
